------------------------------------------------
Se produjo un error de acceso a datos.
edu.up.Excepciones.ExcepcionConexionDB: Se produjo un error de acceso a datos.
	at edu.up.basics.DBManager.connect(DBManager.java:34)
	at edu.up.basics.ConexionDB.executeSQL(ConexionDB.java:33)
	at edu.up.basics.TableManager.createtable(TableManager.java:13)
	at edu.up.Main.main(Main.java:14)
Caused by: java.lang.ClassNotFoundException: org.hsqldb.jdbcDriver
	at java.base/jdk.internal.loader.BuiltinClassLoader.loadClass(BuiltinClassLoader.java:581)
	at java.base/jdk.internal.loader.ClassLoaders$AppClassLoader.loadClass(ClassLoaders.java:178)
	at java.base/java.lang.ClassLoader.loadClass(ClassLoader.java:522)
	at java.base/java.lang.Class.forName0(Native Method)
	at java.base/java.lang.Class.forName(Class.java:315)
	at edu.up.basics.DBManager.connect(DBManager.java:24)
	... 3 more

------------------------------------------------
------------------------------------------------
Se produjo un error de acceso a datos.
edu.up.Excepciones.ExcepcionConexionDB: Se produjo un error de acceso a datos.
	at edu.up.basics.DBManager.connect(DBManager.java:34)
	at edu.up.basics.ConexionDB.executeSQL(ConexionDB.java:33)
	at edu.up.basics.TableManager.createtable(TableManager.java:13)
	at edu.up.Main.main(Main.java:14)
Caused by: java.lang.ClassNotFoundException: org.hsqldb.jdbcDriver
	at java.base/jdk.internal.loader.BuiltinClassLoader.loadClass(BuiltinClassLoader.java:581)
	at java.base/jdk.internal.loader.ClassLoaders$AppClassLoader.loadClass(ClassLoaders.java:178)
	at java.base/java.lang.ClassLoader.loadClass(ClassLoader.java:522)
	at java.base/java.lang.Class.forName0(Native Method)
	at java.base/java.lang.Class.forName(Class.java:315)
	at edu.up.basics.DBManager.connect(DBManager.java:24)
	... 3 more

------------------------------------------------
------------------------------------------------
Error al crear Cuenta
edu.up.Excepciones.ExcepcionCuenta: Error al crear Cuenta
	at edu.up.dao.impl.CuentaDAOImpl.insert(CuentaDAOImpl.java:41)
	at edu.up.Negocio.CuentaBO.grabar(CuentaBO.java:30)
	at edu.up.ui.Vistas.HandlerAplicacion.grabar(HandlerAplicacion.java:75)
	at edu.up.ui.Vistas.CuentaFormABM$1.actionPerformed(CuentaFormABM.java:113)
	at java.desktop/javax.swing.AbstractButton.fireActionPerformed(AbstractButton.java:1967)
	at java.desktop/javax.swing.AbstractButton$Handler.actionPerformed(AbstractButton.java:2308)
	at java.desktop/javax.swing.DefaultButtonModel.fireActionPerformed(DefaultButtonModel.java:405)
	at java.desktop/javax.swing.DefaultButtonModel.setPressed(DefaultButtonModel.java:262)
	at java.desktop/javax.swing.plaf.basic.BasicButtonListener.mouseReleased(BasicButtonListener.java:279)
	at java.desktop/java.awt.Component.processMouseEvent(Component.java:6631)
	at java.desktop/javax.swing.JComponent.processMouseEvent(JComponent.java:3342)
	at java.desktop/java.awt.Component.processEvent(Component.java:6396)
	at java.desktop/java.awt.Container.processEvent(Container.java:2263)
	at java.desktop/java.awt.Component.dispatchEventImpl(Component.java:5007)
	at java.desktop/java.awt.Container.dispatchEventImpl(Container.java:2321)
	at java.desktop/java.awt.Component.dispatchEvent(Component.java:4839)
	at java.desktop/java.awt.LightweightDispatcher.retargetMouseEvent(Container.java:4918)
	at java.desktop/java.awt.LightweightDispatcher.processMouseEvent(Container.java:4547)
	at java.desktop/java.awt.LightweightDispatcher.dispatchEvent(Container.java:4488)
	at java.desktop/java.awt.Container.dispatchEventImpl(Container.java:2307)
	at java.desktop/java.awt.Window.dispatchEventImpl(Window.java:2772)
	at java.desktop/java.awt.Component.dispatchEvent(Component.java:4839)
	at java.desktop/java.awt.EventQueue.dispatchEventImpl(EventQueue.java:772)
	at java.desktop/java.awt.EventQueue$4.run(EventQueue.java:721)
	at java.desktop/java.awt.EventQueue$4.run(EventQueue.java:715)
	at java.base/java.security.AccessController.doPrivileged(Native Method)
	at java.base/java.security.ProtectionDomain$JavaSecurityAccessImpl.doIntersectionPrivilege(ProtectionDomain.java:85)
	at java.base/java.security.ProtectionDomain$JavaSecurityAccessImpl.doIntersectionPrivilege(ProtectionDomain.java:95)
	at java.desktop/java.awt.EventQueue$5.run(EventQueue.java:745)
	at java.desktop/java.awt.EventQueue$5.run(EventQueue.java:743)
	at java.base/java.security.AccessController.doPrivileged(Native Method)
	at java.base/java.security.ProtectionDomain$JavaSecurityAccessImpl.doIntersectionPrivilege(ProtectionDomain.java:85)
	at java.desktop/java.awt.EventQueue.dispatchEvent(EventQueue.java:742)
	at java.desktop/java.awt.EventDispatchThread.pumpOneEventForFilters(EventDispatchThread.java:203)
	at java.desktop/java.awt.EventDispatchThread.pumpEventsForFilter(EventDispatchThread.java:124)
	at java.desktop/java.awt.EventDispatchThread.pumpEventsForHierarchy(EventDispatchThread.java:113)
	at java.desktop/java.awt.EventDispatchThread.pumpEvents(EventDispatchThread.java:109)
	at java.desktop/java.awt.EventDispatchThread.pumpEvents(EventDispatchThread.java:101)
	at java.desktop/java.awt.EventDispatchThread.run(EventDispatchThread.java:90)
Caused by: edu.up.Excepciones.ExcepcionConexionDB: Se produjo un error de acceso a datos.
	at edu.up.basics.ConexionDB.executeSQL(ConexionDB.java:52)
	at edu.up.dao.impl.CuentaDAOImpl.insert(CuentaDAOImpl.java:36)
	... 38 more
Caused by: org.h2.jdbc.JdbcSQLException: Valor demasiado largo para la columna "TIPOCUENTA VARCHAR(2)": "'Cuenta Corriente' (16)"
Value too long for column "TIPOCUENTA VARCHAR(2)": "'Cuenta Corriente' (16)"; SQL statement:
INSERT INTO cuentas (codigo, dni, nombre, tipocuenta, saldo) VALUES ('2b6618ceebda4901855862419fa70153', 37754259, 'Guido', 'Cuenta Corriente',150000.0) [22001-176]
	at org.h2.message.DbException.getJdbcSQLException(DbException.java:344)
	at org.h2.message.DbException.get(DbException.java:178)
	at org.h2.table.Column.validateConvertUpdateSequence(Column.java:332)
	at org.h2.table.Table.validateConvertUpdateSequence(Table.java:726)
	at org.h2.command.dml.Insert.insertRows(Insert.java:152)
	at org.h2.command.dml.Insert.update(Insert.java:115)
	at org.h2.command.CommandContainer.update(CommandContainer.java:79)
	at org.h2.command.Command.executeUpdate(Command.java:254)
	at org.h2.jdbc.JdbcStatement.executeUpdateInternal(JdbcStatement.java:132)
	at org.h2.jdbc.JdbcStatement.executeUpdate(JdbcStatement.java:117)
	at edu.up.basics.ConexionDB.executeSQL(ConexionDB.java:37)
	... 39 more

------------------------------------------------
